20050215194609479: http-8080-Processor24: Nextface: EX: com.extware.utils.dbpool.Pool: addConnection: java.sql.SQLException: java.sql.SQLException: java.lang.ClassNotFoundException: interbase.interclient.Driver
20050215194609710: Thread-34: Nextface: EX: com.extware.utils.dbpool.Pool: addConnection: java.sql.SQLException: java.sql.SQLException: java.lang.ClassNotFoundException: interbase.interclient.Driver
20050215194610070: http-8080-Processor24: Nextface: EX: com.extware.utils.dbpool.Pool: addConnection: java.sql.SQLException: java.sql.SQLException: java.lang.ClassNotFoundException: interbase.interclient.Driver
20050215194610401: http-8080-Processor24: Nextface: EX: com.extware.utils.dbpool.Pool: addConnection: java.sql.SQLException: java.sql.SQLException: java.lang.ClassNotFoundException: interbase.interclient.Driver
20050215194610741: http-8080-Processor24: Nextface: EX: com.extware.utils.dbpool.Pool: addConnection: java.sql.SQLException: java.sql.SQLException: java.lang.ClassNotFoundException: interbase.interclient.Driver
20050215194613715: Thread-34: Nextface: EX: com.extware.utils.dbpool.Pool: addConnection: java.sql.SQLException: java.sql.SQLException: java.lang.ClassNotFoundException: interbase.interclient.Driver
20050215194717718: Thread-34: Nextface: EX: com.extware.utils.dbpool.Pool: addConnection: java.sql.SQLException: java.sql.SQLException: java.lang.ClassNotFoundException: interbase.interclient.Driver
20050215194925722: Thread-34: Nextface: EX: com.extware.utils.dbpool.Pool: addConnection: java.sql.SQLException: java.sql.SQLException: java.lang.ClassNotFoundException: interbase.interclient.Driver
20050215195025187: http-8080-Processor25: Nextface: EX: com.extware.utils.dbpool.Pool: addConnection: org.firebirdsql.jdbc.FBSQLException: org.firebirdsql.jdbc.FBSQLException: Resource Exception. Unable to complete network request to host "localhost". Reason: Unable to complete network request to host "localhost".
20050215195026158: Thread-34: Nextface: EX: com.extware.utils.dbpool.Pool: addConnection: org.firebirdsql.jdbc.FBSQLException: org.firebirdsql.jdbc.FBSQLException: Resource Exception. Unable to complete network request to host "localhost". Reason: Unable to complete network request to host "localhost".
20050215195027160: http-8080-Processor25: Nextface: EX: com.extware.utils.dbpool.Pool: addConnection: org.firebirdsql.jdbc.FBSQLException: org.firebirdsql.jdbc.FBSQLException: Resource Exception. Unable to complete network request to host "localhost". Reason: Unable to complete network request to host "localhost".
20050215195028472: http-8080-Processor25: Nextface: EX: com.extware.utils.dbpool.Pool: addConnection: org.firebirdsql.jdbc.FBSQLException: org.firebirdsql.jdbc.FBSQLException: Resource Exception. Unable to complete network request to host "localhost". Reason: Unable to complete network request to host "localhost".
20050215195029774: http-8080-Processor25: Nextface: EX: com.extware.utils.dbpool.Pool: addConnection: org.firebirdsql.jdbc.FBSQLException: org.firebirdsql.jdbc.FBSQLException: Resource Exception. Unable to complete network request to host "localhost". Reason: Unable to complete network request to host "localhost".
20050215195031076: Thread-34: Nextface: EX: com.extware.utils.dbpool.Pool: addConnection: org.firebirdsql.jdbc.FBSQLException: org.firebirdsql.jdbc.FBSQLException: Resource Exception. Unable to complete network request to host "localhost". Reason: Unable to complete network request to host "localhost".
20050215195052606: http-8080-Processor24: Nextface: EX: com.extware.utils.dbpool.Pool: addConnection: org.firebirdsql.jdbc.FBSQLException: org.firebirdsql.jdbc.FBSQLException: Resource Exception. Unable to complete network request to host "localhost". Reason: Unable to complete network request to host "localhost".
20050215195053918: http-8080-Processor24: Nextface: EX: com.extware.utils.dbpool.Pool: addConnection: org.firebirdsql.jdbc.FBSQLException: org.firebirdsql.jdbc.FBSQLException: Resource Exception. Unable to complete network request to host "localhost". Reason: Unable to complete network request to host "localhost".
20050215195055220: http-8080-Processor24: Nextface: EX: com.extware.utils.dbpool.Pool: addConnection: org.firebirdsql.jdbc.FBSQLException: org.firebirdsql.jdbc.FBSQLException: Resource Exception. Unable to complete network request to host "localhost". Reason: Unable to complete network request to host "localhost".
20050215195056532: http-8080-Processor24: Nextface: EX: com.extware.utils.dbpool.Pool: addConnection: org.firebirdsql.jdbc.FBSQLException: org.firebirdsql.jdbc.FBSQLException: Resource Exception. Unable to complete network request to host "localhost". Reason: Unable to complete network request to host "localhost".
20050215205334716: http-8080-Processor25: Nextface: EX: com.extware.user.LogoutServlet: redirectJsp: org.apache.jasper.JasperException: org.apache.jasper.JasperException: Unable to compile class for JSP  An error occurred at line: 84 in the jsp file: /index.jsp Generated servlet error: memberId cannot be resolved or is not a field  
20050215205334736: http-8080-Processor25: Nextface: EX: com.extware.user.LogoutServlet: redirectJsp: java.lang.NullPointerException: java.lang.NullPointerException
20050215205341065: http-8080-Processor24: Nextface: EX: com.extware.user.LogoutServlet: redirectJsp: org.apache.jasper.JasperException: org.apache.jasper.JasperException: Unable to compile class for JSP  An error occurred at line: 84 in the jsp file: /index.jsp Generated servlet error: memberId cannot be resolved or is not a field  
20050215205341075: http-8080-Processor24: Nextface: EX: com.extware.user.LogoutServlet: redirectJsp: java.lang.NullPointerException: java.lang.NullPointerException
20050215205434162: http-8080-Processor25: Nextface: EX: com.extware.user.LogoutServlet: redirectJsp: org.apache.jasper.JasperException: org.apache.jasper.JasperException: Unable to compile class for JSP  An error occurred at line: 84 in the jsp file: /index.jsp Generated servlet error: memberId cannot be resolved or is not a field  
20050215205434172: http-8080-Processor25: Nextface: EX: com.extware.user.LogoutServlet: redirectJsp: java.lang.NullPointerException: java.lang.NullPointerException
20050215205620384: http-8080-Processor24: Nextface: EX: com.extware.user.LogoutServlet: redirectJsp: org.apache.jasper.JasperException: org.apache.jasper.JasperException: Unable to compile class for JSP  An error occurred at line: 84 in the jsp file: /index.jsp Generated servlet error: memberId cannot be resolved or is not a field  
20050215205620384: http-8080-Processor24: Nextface: EX: com.extware.user.LogoutServlet: redirectJsp: java.lang.NullPointerException: java.lang.NullPointerException
20050216133021104: http-8080-Processor25: Nextface: EX: com.extware.user.LogoutServlet: redirectJsp: javax.servlet.ServletException: javax.servlet.ServletException: com.extware.member.MemberClient.getLatestMainImages(I)Ljava/util/ArrayList;
20050216133021284: http-8080-Processor25: Nextface: EX: com.extware.user.LogoutServlet: redirectJsp: java.lang.NullPointerException: java.lang.NullPointerException
20050216133021284: http-8080-Processor25: Nextface: EX: com.extware.user.LogoutServlet: redirectJsp: java.lang.IllegalStateException: java.lang.IllegalStateException
20050216135437598: http-8080-Processor25: Nextface: EX: com.extware.user.LogoutServlet: redirectJsp: org.apache.jasper.JasperException: org.apache.jasper.JasperException: Unable to compile class for JSP  An error occurred at line: 84 in the jsp file: /index.jsp Generated servlet error: Duplicate local variable tempFile  An error occurred at line: 84 in the jsp file: /index.jsp Generated servlet error: tempMember.memberImages cannot be resolved or is not a field  An error occurred at line: 84 in the jsp file: /index.jsp Generated servlet error: URLEncoder cannot be resolved  
20050216135437608: http-8080-Processor25: Nextface: EX: com.extware.user.LogoutServlet: redirectJsp: java.lang.NullPointerException: java.lang.NullPointerException
20050216135826577: http-8080-Processor24: Nextface: EX: com.extware.user.LogoutServlet: redirectJsp: org.apache.jasper.JasperException: org.apache.jasper.JasperException: Unable to compile class for JSP  An error occurred at line: 84 in the jsp file: /index.jsp Generated servlet error: tempMember.memberImages cannot be resolved or is not a field  An error occurred at line: 84 in the jsp file: /index.jsp Generated servlet error: URLEncoder cannot be resolved  
20050216135826587: http-8080-Processor24: Nextface: EX: com.extware.user.LogoutServlet: redirectJsp: java.lang.NullPointerException: java.lang.NullPointerException
20050216135831584: http-8080-Processor24: Nextface: EX: com.extware.user.LogoutServlet: redirectJsp: org.apache.jasper.JasperException: org.apache.jasper.JasperException: Unable to compile class for JSP  An error occurred at line: 84 in the jsp file: /index.jsp Generated servlet error: tempMember.memberImages cannot be resolved or is not a field  An error occurred at line: 84 in the jsp file: /index.jsp Generated servlet error: URLEncoder cannot be resolved  
20050216135831584: http-8080-Processor24: Nextface: EX: com.extware.user.LogoutServlet: redirectJsp: java.lang.NullPointerException: java.lang.NullPointerException
20050216135837032: http-8080-Processor23: Nextface: EX: com.extware.user.LogoutServlet: redirectJsp: org.apache.jasper.JasperException: org.apache.jasper.JasperException: Unable to compile class for JSP  An error occurred at line: 84 in the jsp file: /index.jsp Generated servlet error: tempMember.memberImages cannot be resolved or is not a field  An error occurred at line: 84 in the jsp file: /index.jsp Generated servlet error: URLEncoder cannot be resolved  
20050216135837032: http-8080-Processor23: Nextface: EX: com.extware.user.LogoutServlet: redirectJsp: java.lang.NullPointerException: java.lang.NullPointerException
20050216140113948: http-8080-Processor24: Nextface: EX: com.extware.user.LogoutServlet: redirectJsp: org.apache.jasper.JasperException: org.apache.jasper.JasperException: Unable to compile class for JSP  Generated servlet error: Syntax error on token "import", Identifier expected after this token  An error occurred at line: 85 in the jsp file: /index.jsp Generated servlet error: tempMember.memberImages cannot be resolved or is not a field  
20050216140113948: http-8080-Processor24: Nextface: EX: com.extware.user.LogoutServlet: redirectJsp: java.lang.NullPointerException: java.lang.NullPointerException
20050216140129260: http-8080-Processor25: Nextface: EX: com.extware.user.LogoutServlet: redirectJsp: org.apache.jasper.JasperException: org.apache.jasper.JasperException: Unable to compile class for JSP  An error occurred at line: 85 in the jsp file: /index.jsp Generated servlet error: tempMember.memberImages cannot be resolved or is not a field  
20050216140129260: http-8080-Processor25: Nextface: EX: com.extware.user.LogoutServlet: redirectJsp: java.lang.NullPointerException: java.lang.NullPointerException
20050216201324587: http-8080-Processor25: Nextface: EX: com.extware.utils.dbpool.Pool: addConnection: org.firebirdsql.jdbc.FBSQLException: org.firebirdsql.jdbc.FBSQLException: Resource Exception. Unable to complete network request to host "localhost". Reason: Unable to complete network request to host "localhost".
20050216201326520: Thread-34: Nextface: EX: com.extware.utils.dbpool.Pool: addConnection: org.firebirdsql.jdbc.FBSQLException: org.firebirdsql.jdbc.FBSQLException: Resource Exception. Unable to complete network request to host "localhost". Reason: Unable to complete network request to host "localhost".
20050216201327521: http-8080-Processor25: Nextface: EX: com.extware.utils.dbpool.Pool: addConnection: org.firebirdsql.jdbc.FBSQLException: org.firebirdsql.jdbc.FBSQLException: Resource Exception. Unable to complete network request to host "localhost". Reason: Unable to complete network request to host "localhost".
20050216201328823: http-8080-Processor25: Nextface: EX: com.extware.utils.dbpool.Pool: addConnection: org.firebirdsql.jdbc.FBSQLException: org.firebirdsql.jdbc.FBSQLException: Resource Exception. Unable to complete network request to host "localhost". Reason: Unable to complete network request to host "localhost".
20050216201330235: http-8080-Processor25: Nextface: EX: com.extware.utils.dbpool.Pool: addConnection: org.firebirdsql.jdbc.FBSQLException: org.firebirdsql.jdbc.FBSQLException: Resource Exception. Unable to complete network request to host "localhost". Reason: Unable to complete network request to host "localhost".
20050216201331437: Thread-34: Nextface: EX: com.extware.utils.dbpool.Pool: addConnection: org.firebirdsql.jdbc.FBSQLException: org.firebirdsql.jdbc.FBSQLException: Resource Exception. Unable to complete network request to host "localhost". Reason: Unable to complete network request to host "localhost".
